Using pre-set license

 COMMAND LINE ARGUMENTS:
/Applications/Unity/Hub/Editor/2020.3.3f1/Unity.app/Contents/MacOS/Unity
-adb2
-batchMode
-noUpm
-name
AssetImportWorker2
-projectPath
/Volumes/Backup Drive/Documents/ENCORA/ARProject/ARProject
-logFile
Logs/AssetImportWorker2.log
-srvPort
56479
Successfully changed project path to: /Volumes/Backup Drive/Documents/ENCORA/ARProject/ARProject
/Volumes/Backup Drive/Documents/ENCORA/ARProject/ARProject
Using Asset Import Pipeline V2.
Refreshing native plugins compatible for Editor in 70.17 ms, found 2 plugins.
Preloading 0 native plugins for Editor in 0.00 ms.
Initialize engine version: 2020.3.3f1 (76626098c1c4)
[Subsystems] Discovering subsystems at path /Applications/Unity/Hub/Editor/2020.3.3f1/Unity.app/Contents/Resources/UnitySubsystems
[Subsystems] Discovering subsystems at path /Volumes/Backup Drive/Documents/ENCORA/ARProject/ARProject/Assets
GfxDevice: creating device client; threaded=0
2022-03-15 19:41:57.385 Unity[7759:1251945] Color LCD preferred device: Intel HD Graphics 4000 (low power)
2022-03-15 19:41:57.386 Unity[7759:1251945] Metal devices available: 1
2022-03-15 19:41:57.386 Unity[7759:1251945] 0: Intel HD Graphics 4000 (low power)
2022-03-15 19:41:57.387 Unity[7759:1251945] Using device Intel HD Graphics 4000 (low power)
Initializing Metal device caps: Intel HD Graphics 4000
Initialize mono
Mono path[0] = '/Applications/Unity/Hub/Editor/2020.3.3f1/Unity.app/Contents/Managed'
Mono path[1] = '/Applications/Unity/Hub/Editor/2020.3.3f1/Unity.app/Contents/MonoBleedingEdge/lib/mono/unityjit'
Mono config path = '/Applications/Unity/Hub/Editor/2020.3.3f1/Unity.app/Contents/MonoBleedingEdge/etc'
Using monoOptions --debugger-agent=transport=dt_socket,embedding=1,server=y,suspend=n,address=127.0.0.1:56759
Begin MonoManager ReloadAssembly
Registering precompiled unity dll's ...
Register platform support module: /Applications/Unity/Hub/Editor/2020.3.3f1/Unity.app/Contents/PlaybackEngines/MacStandaloneSupport/UnityEditor.OSXStandalone.Extensions.dll
Register platform support module: /Applications/Unity/Hub/Editor/2020.3.3f1/PlaybackEngines/WindowsStandaloneSupport/UnityEditor.WindowsStandalone.Extensions.dll
Registered in 0.000809 seconds.
Native extension for WindowsStandalone target not found
Native extension for OSXStandalone target not found
Refreshing native plugins compatible for Editor in 62.25 ms, found 2 plugins.
Preloading 0 native plugins for Editor in 0.00 ms.
Invoked RoslynAnalysisRunner static constructor.
RoslynAnalysisRunner will not be running.
RoslynAnalysisRunner has terminated.
Mono: successfully reloaded assembly
- Completed reload, in  2.649 seconds
Platform modules already initialized, skipping
Registering precompiled user dll's ...
Registered in 0.002945 seconds.
Begin MonoManager ReloadAssembly
Native extension for WindowsStandalone target not found
Native extension for OSXStandalone target not found
Refreshing native plugins compatible for Editor in 67.35 ms, found 2 plugins.
Preloading 0 native plugins for Editor in 0.00 ms.
Invoked RoslynAnalysisRunner static constructor.
RoslynAnalysisRunner will not be running.
RoslynAnalysisRunner has terminated.
Mono: successfully reloaded assembly
- Completed reload, in  2.290 seconds
Platform modules already initialized, skipping
========================================================================
Worker process is ready to serve import requests
Launching external process: /Applications/Unity/Hub/Editor/2020.3.3f1/Unity.app/Contents/Tools/UnityShaderCompiler
Launched and connected shader compiler UnityShaderCompiler after 0.07 seconds
Refreshing native plugins compatible for Editor in 0.62 ms, found 2 plugins.
Preloading 0 native plugins for Editor in 0.00 ms.
Unloading 1837 Unused Serialized files (Serialized files now loaded: 0)
System memory in use before: 135.7 MB.
System memory in use after: 135.6 MB.

Unloading 14 unused Assets to reduce memory usage. Loaded Objects now: 2277.
Total: 3.376651 ms (FindLiveObjects: 0.433753 ms CreateObjectMapping: 0.190257 ms MarkObjects: 2.602637 ms  DeleteObjects: 0.148342 ms)

========================================================================
Received Import Request.
  path: Assets/Prefabs/Warrior.prefab
  artifactKey: Guid(32b58600198b647da892e371b23977c0) Importer(815301076,1909f56bfc062723c751e8b465ee728b)
Start importing Assets/Prefabs/Warrior.prefab using Guid(32b58600198b647da892e371b23977c0) Importer(815301076,1909f56bfc062723c751e8b465ee728b)  -> (artifact id: '99e07633df0b0eb18ba44653880676bb') in 2.296218 seconds
  Import took 2.302724 seconds .

