Using pre-set license

 COMMAND LINE ARGUMENTS:
/Applications/Unity/Hub/Editor/2020.3.3f1/Unity.app/Contents/MacOS/Unity
-adb2
-batchMode
-noUpm
-name
AssetImportWorker4
-projectPath
/Volumes/Backup Drive/Documents/ENCORA/ARProject/ARProject
-logFile
Logs/AssetImportWorker4.log
-srvPort
55557
Successfully changed project path to: /Volumes/Backup Drive/Documents/ENCORA/ARProject/ARProject
/Volumes/Backup Drive/Documents/ENCORA/ARProject/ARProject
Using Asset Import Pipeline V2.
Refreshing native plugins compatible for Editor in 2611.73 ms, found 2 plugins.
Preloading 0 native plugins for Editor in 0.00 ms.
Initialize engine version: 2020.3.3f1 (76626098c1c4)
[Subsystems] Discovering subsystems at path /Applications/Unity/Hub/Editor/2020.3.3f1/Unity.app/Contents/Resources/UnitySubsystems
[Subsystems] Discovering subsystems at path /Volumes/Backup Drive/Documents/ENCORA/ARProject/ARProject/Assets
GfxDevice: creating device client; threaded=0
2022-03-14 23:41:38.638 Unity[6724:1025865] Color LCD preferred device: Intel HD Graphics 4000 (low power)
2022-03-14 23:41:38.638 Unity[6724:1025865] Metal devices available: 1
2022-03-14 23:41:38.638 Unity[6724:1025865] 0: Intel HD Graphics 4000 (low power)
2022-03-14 23:41:38.681 Unity[6724:1025865] Using device Intel HD Graphics 4000 (low power)
Initializing Metal device caps: Intel HD Graphics 4000
Initialize mono
Mono path[0] = '/Applications/Unity/Hub/Editor/2020.3.3f1/Unity.app/Contents/Managed'
Mono path[1] = '/Applications/Unity/Hub/Editor/2020.3.3f1/Unity.app/Contents/MonoBleedingEdge/lib/mono/unityjit'
Mono config path = '/Applications/Unity/Hub/Editor/2020.3.3f1/Unity.app/Contents/MonoBleedingEdge/etc'
Using monoOptions --debugger-agent=transport=dt_socket,embedding=1,server=y,suspend=n,address=127.0.0.1:56724
Begin MonoManager ReloadAssembly
