Using pre-set license

 COMMAND LINE ARGUMENTS:
/Applications/Unity/Hub/Editor/2020.3.3f1/Unity.app/Contents/MacOS/Unity
-adb2
-batchMode
-noUpm
-name
AssetImportWorker18
-projectPath
/Volumes/Backup Drive/Documents/ENCORA/ARProject/ARProject
-logFile
Logs/AssetImportWorker18.log
-srvPort
53232
Successfully changed project path to: /Volumes/Backup Drive/Documents/ENCORA/ARProject/ARProject
/Volumes/Backup Drive/Documents/ENCORA/ARProject/ARProject
Using Asset Import Pipeline V2.
Refreshing native plugins compatible for Editor in 1523.35 ms, found 2 plugins.
Preloading 0 native plugins for Editor in 0.00 ms.
Initialize engine version: 2020.3.3f1 (76626098c1c4)
[Subsystems] Discovering subsystems at path /Applications/Unity/Hub/Editor/2020.3.3f1/Unity.app/Contents/Resources/UnitySubsystems
[Subsystems] Discovering subsystems at path /Volumes/Backup Drive/Documents/ENCORA/ARProject/ARProject/Assets
GfxDevice: creating device client; threaded=0
2022-03-14 20:01:47.885 Unity[3892:761850] Color LCD preferred device: Intel HD Graphics 4000 (low power)
2022-03-14 20:01:47.885 Unity[3892:761850] Metal devices available: 1
2022-03-14 20:01:47.885 Unity[3892:761850] 0: Intel HD Graphics 4000 (low power)
2022-03-14 20:01:47.899 Unity[3892:761850] Using device Intel HD Graphics 4000 (low power)
Initializing Metal device caps: Intel HD Graphics 4000
Initialize mono
Mono path[0] = '/Applications/Unity/Hub/Editor/2020.3.3f1/Unity.app/Contents/Managed'
Mono path[1] = '/Applications/Unity/Hub/Editor/2020.3.3f1/Unity.app/Contents/MonoBleedingEdge/lib/mono/unityjit'
Mono config path = '/Applications/Unity/Hub/Editor/2020.3.3f1/Unity.app/Contents/MonoBleedingEdge/etc'
Using monoOptions --debugger-agent=transport=dt_socket,embedding=1,server=y,suspend=n,address=127.0.0.1:56892
Begin MonoManager ReloadAssembly
Registering precompiled unity dll's ...
Register platform support module: /Applications/Unity/Hub/Editor/2020.3.3f1/Unity.app/Contents/PlaybackEngines/MacStandaloneSupport/UnityEditor.OSXStandalone.Extensions.dll
Register platform support module: /Applications/Unity/Hub/Editor/2020.3.3f1/PlaybackEngines/WindowsStandaloneSupport/UnityEditor.WindowsStandalone.Extensions.dll
Registered in 0.545391 seconds.
Native extension for WindowsStandalone target not found
Native extension for OSXStandalone target not found
Refreshing native plugins compatible for Editor in 70.82 ms, found 2 plugins.
Preloading 0 native plugins for Editor in 0.00 ms.
Invoked RoslynAnalysisRunner static constructor.
RoslynAnalysisRunner will not be running.
RoslynAnalysisRunner has terminated.
Mono: successfully reloaded assembly
- Completed reload, in  5.013 seconds
Platform modules already initialized, skipping
Registering precompiled user dll's ...
Registered in 0.559220 seconds.
